IQ-TREE multicore version 1.6.12 for Mac OS X 64-bit built Aug 15 2019
Developed by Bui Quang Minh, Nguyen Lam Tung, Olga Chernomor,
Heiko Schmidt, Dominik Schrempf, Michael Woodhams.

Host:    MBP-di-Giobbe.home-life.hub (AVX, 8 GB RAM)
Command: iqtree -s concatenation.fasta -sp codon.prt -m TESTMERGEONLY -redo
Seed:    869092 (Using SPRNG - Scalable Parallel Random Number Generator)
Time:    Sun Apr  5 13:13:57 2020
Kernel:  AVX - 1 threads (4 CPU cores detected)

HINT: Use -nt option to specify number of threads because your CPU has 4 cores!
HINT: -nt AUTO will automatically determine the best number of threads to use.

Reading partition model file codon.prt ...
Reading alignment file concatenation.fasta ... Nexus format detected
Alignment has 35 sequences with 3380 columns, 2224 distinct patterns
2071 parsimony-informative, 369 singleton sites, 939 constant sites
                                    Gap/Ambiguity  Composition  p-value
   1  Mantis_religiosa                      0.50%    failed      0.00%
   2  Carasisus_morosus                    32.34%    passed     66.22%
   3  Phyllium_siccifollium                32.13%    failed      0.96%
   4  Peruphasma_schultei                  32.13%    failed      0.50%
   5  Aretaon_asperrimus                   31.42%    failed      0.00%
   6  Dryococelus_australis                 0.38%    passed     85.07%
   7  Spinotectarchus_acornutus            32.01%    failed      4.36%
   8  Micrarchus_hystriculeus              31.89%    failed      1.30%
   9  Micrarchus_sp                        31.83%    passed      9.29%
  10  Tectarchus_salebrosus                31.89%    passed     24.13%
  11  Asteliaphasma_jucundum               31.89%    failed      4.11%
  12  Tectarchus_ovobsessus                31.95%    failed      1.06%
  13  Clitarchus_hookeri                   77.60%    failed      0.13%
  14  Niveaphasma_anulata                  31.89%    passed      7.55%
  15  Acanthoxyla_sp                       31.95%    passed     22.89%
  16  Argosarchus_horridus                 31.98%    failed      4.74%
  17  Rumulus_artemis                      31.78%    failed      1.28%
  18  Medauroidea_extradentata             31.78%    failed      0.00%
  19  Clitarchus_hookeri_extraction        54.62%    failed      0.00%
  20  Aretaon_asperrimus_assembly          70.09%    passed     16.42%
  21  Carasisus_morosus_assembly           70.62%    failed      0.00%
  22  Micrarchus_hystriculeus_assembly     70.44%    failed      0.00%
  23  Micrarchus_sp_assembly               70.44%    failed      0.00%
  24  Spinotectarchus_acornutus_assembly   69.91%    failed      0.00%
  25  Asteliaphasma_jucundum_assembly      70.18%    failed      0.00%
  26  Tectarchus_salebrosus_assembly       70.09%    failed      0.00%
  27  Tectarchus_ovobsessus_assembly       70.09%    failed      0.00%
  28  Argosarchus_horridus_assembly        70.09%    failed      0.00%
  29  Acanthoxyla_sp_assembly              70.09%    failed      0.00%
  30  Clitarchus_hookeri_assembly          71.33%    failed      0.00%
  31  Niveaphasma_anulata_assembly         70.09%    failed      0.00%
  32  Rumulus_artemis_assembly             70.00%    failed      0.01%
  33  Medauroidea_extradentata_assembly    70.00%    failed      0.00%
  34  Peruphasma_schultei_assembly         69.91%    passed      8.55%
  35  Phyllium_siccifollium_assembly       69.91%    failed      0.00%
WARNING: 18 sequences contain more than 50% gaps/ambiguity
****  TOTAL                                49.58%  27 sequences failed composition chi2 test (p-value<5%; df=3)

Partition file is not in NEXUS format, assuming RAxML-style partition file...
Subset	Type	Seqs	Sites	Infor	Invar	Model	Name
1	DNA	18	816	758	26	GTR	12S
2	DNA	18	513	101	354	GTR	CO1st
3	DNA	18	512	20	447	GTR	CO1nd
4	DNA	18	512	373	61	GTR	CO1rd
5	DNA	18	343	276	18	GTR	ND2st
6	DNA	18	342	248	25	GTR	ND2nd
7	DNA	18	342	295	9	GTR	ND2rd
Degree of missing data: 0.486
Info: multi-threading strategy over partitions


NOTE: Restoring information from model checkpoint file codon.prt.model.gz

CHECKPOINT: Initial tree restored
NOTE: ModelFinder requires 5 MB RAM!
Testing GTR+F+G on supermatrix...
GTR+F+G4 / LnL: -39193.037 / df: 76 / AIC: 78538.075 / AICc: 78541.618 / BIC: 79003.623
Selecting individual models for 7 charsets using BIC...
 No. Model        Score       Charset
   1 TIM+F+G4     27461.565   12S
   2 TIM2+F+I+G4  5139.023    CO1st
   3 HKY+F+I+G4   2716.864    CO1nd
   4 TIM2+F+G4    12426.223   CO1rd
   5 TN+F+G4      8360.339    ND2st
   6 HKY+F+G4     7045.168    ND2nd
   7 TN+F+G4      9266.348    ND2rd
Full partition model BIC score: 72964.396 (LnL: -35360.861  df:276)
Merging models to increase model fit (about 43 total partition schemes)...
   8 GTR+F+I+G4   74962.836   12S+CO1st
   9 GTR+F+I+G4   74944.102   12S+CO1nd
  10 GTR+F+I+G4   75135.392   12S+CO1rd	0h:0m:35s (0h:1m:58s left)
  11 TIM+F+G4     73354.385   12S+ND2st	0h:0m:54s (0h:2m:39s left)
  12 TIM+F+G4     73794.851   12S+ND2nd	0h:1m:11s (0h:3m:4s left)
  13 TIM+F+G4     73516.549   12S+ND2rd	0h:1m:34s (0h:3m:37s left)
  14 TIM2+F+I+G4  72865.008   CO1st+CO1nd	0h:1m:35s (0h:3m:17s left)
WARNING: ABNORMAL_TERMINATION_IN_LNSRCH
WARNING: ABNORMAL_TERMINATION_IN_LNSRCH
  15 TIM2+F+I+G4  73589.152   CO1st+CO1rd	0h:1m:46s (0h:3m:19s left)
  16 GTR+F+G4     73537.154   CO1st+ND2st	0h:1m:57s (0h:3m:19s left)
  17 TIM2+F+G4    73476.297   CO1st+ND2nd	0h:2m:4s (0h:3m:9s left)
WARNING: ABNORMAL_TERMINATION_IN_LNSRCH
WARNING: ABNORMAL_TERMINATION_IN_LNSRCH
  18 TIM2+F+I+G4  73815.245   CO1st+ND2rd	0h:2m:15s (0h:3m:8s left)
  19 TIM+F+I+G4   74160.418   CO1nd+CO1rd	0h:2m:20s (0h:2m:57s left)
  20 K3Pu+F+G4    73689.378   CO1nd+ND2st	0h:2m:24s (0h:2m:45s left)
  21 HKY+F+G4     73452.228   CO1nd+ND2nd	0h:2m:33s (0h:2m:40s left)
  22 TIM+F+G4     74120.487   CO1nd+ND2rd	0h:2m:37s (0h:2m:29s left)
  23 TN+F+G4      73377.992   CO1rd+ND2st	0h:2m:53s (0h:2m:30s left)
  24 TIM2+F+G4    73563.567   CO1rd+ND2nd	0h:3m:7s (0h:2m:28s left)
  25 TIM2+F+G4    73113.277   CO1rd+ND2rd	0h:3m:35s (0h:2m:35s left)
  26 TN+F+G4      73095.292   ND2st+ND2nd	0h:3m:41s (0h:2m:25s left)
  27 TN+F+G4      73090.991   ND2st+ND2rd	0h:3m:47s (0h:2m:15s left)
  28 TIM2+F+G4    73709.846   ND2nd+ND2rd	0h:3m:53s (0h:2m:4s left)
Merging CO1st+CO1nd with BIC score: 72865.008 (LnL: -35469.617  df: 237)
  29 GTR+F+I+G4   75814.152   12S+CO1st+CO1nd	0h:4m:1s (0h:1m:56s left)
  30 TIM2+F+I+G4  74141.538   CO1st+CO1nd+CO1rd	0h:4m:6s (0h:1m:46s left)
  31 GTR+F+I+G4   73831.592   CO1st+CO1nd+ND2st	0h:4m:16s (0h:1m:39s left)
  32 TIM2+F+I+G4  73495.936   CO1st+CO1nd+ND2nd	0h:4m:22s (0h:1m:30s left)
  33 GTR+F+I+G4   74245.528   CO1st+CO1nd+ND2rd	0h:4m:31s (0h:1m:22s left)
BEST-FIT PARTITION MODEL: 
  charpartition BIC = TIM+F+G4: 12S, TIM2+F+I+G4: CO1st CO1nd, TIM2+F+G4: CO1rd, TN+F+G4: ND2st, HKY+F+G4: ND2nd, TN+F+G4: ND2rd;
Agglomerative model selection: (12S,(CO1st,CO1nd)1:72865,CO1rd,ND2st,ND2nd,ND2rd)
Merging into 6 partitions...
Partition information was printed to codon.prt.best_scheme.nex
Partition information in Raxml format was printed to codon.prt.best_scheme

All model information printed to codon.prt.model.gz
CPU time for ModelFinder: 267.107 seconds (0h:4m:27s)
Wall-clock time for ModelFinder: 271.716 seconds (0h:4m:31s)

NOTE: 5 MB RAM (0 GB) is required!
Estimate model parameters (epsilon = 0.010)
Optimizing TIM+F+G4 parameters for partition 12S (40 free parameters)
Optimizing TIM2+F+G4 parameters for partition CO1rd (40 free parameters)
Optimizing TN+F+G4 parameters for partition ND2rd (39 free parameters)
Optimizing TN+F+G4 parameters for partition ND2st (39 free parameters)
Optimizing HKY+F+G4 parameters for partition ND2nd (38 free parameters)
Optimizing TIM2+F+I+G4 parameters for partition CO1st+CO1nd (41 free parameters)
Optimal log-likelihood: -35469.148
BEST SCORE FOUND : -35469.148
Total tree length: 34.131

Total number of iterations: 0
CPU time used for tree search: 0.000 sec (0h:0m:0s)
Wall-clock time used for tree search: 0.000 sec (0h:0m:0s)
Total CPU time used: 2.637 sec (0h:0m:2s)
Total wall-clock time used: 2.683 sec (0h:0m:2s)

Analysis results written to: 
  IQ-TREE report:                codon.prt.iqtree
  Tree used for ModelFinder:     codon.prt.treefile
  Best partitioning scheme:      codon.prt.best_scheme.nex
           in RAxML format:      codon.prt.best_scheme
  Screen log file:               codon.prt.log

Date and Time: Sun Apr  5 13:18:32 2020
